<?xml version="1.0" encoding="utf-8"?>
<coverage branch-rate="NaN" branches-covered="NaN" branches-valid="NaN" complexity="NaN"
          line-rate="0.80702"
          lines-covered="46"
          lines-valid="57"
          timestamp="1613670298.831"
          version="">
   <sources>
      <source>E:\SomefunAgba\Documents\MATLAB\nlogsig_lab\CV19_lab\cvmain\cvcore\</source>
   </sources>
   <packages>
      <package branch-rate="NaN" complexity="NaN" line-rate="0.80702" name="">
         <classes>
            <class branch-rate="NaN" complexity="NaN" filename="get_cdata.m" line-rate="0.80702"
                   name="get_cdata">
               <methods/>
               <lines>
                  <line hits="3" number="18"/>
                  <line hits="3" number="19"/>
                  <line hits="3" number="20"/>
                  <line hits="3" number="21"/>
                  <line hits="3" number="22"/>
                  <line hits="0" number="23"/>
                  <line hits="0" number="24"/>
                  <line hits="3" number="26"/>
                  <line hits="3" number="27"/>
                  <line hits="3" number="28"/>
                  <line hits="3" number="33"/>
                  <line hits="3" number="37"/>
                  <line hits="3" number="38"/>
                  <line hits="3" number="39"/>
                  <line hits="3" number="40"/>
                  <line hits="3" number="41"/>
                  <line hits="3" number="42"/>
                  <line hits="3" number="44"/>
                  <line hits="3" number="46"/>
                  <line hits="3" number="48"/>
                  <line hits="3" number="51"/>
                  <line hits="3" number="55"/>
                  <line hits="3" number="56"/>
                  <line hits="3" number="57"/>
                  <line hits="3" number="58"/>
                  <line hits="0" number="59"/>
                  <line hits="0" number="60"/>
                  <line hits="0" number="61"/>
                  <line hits="0" number="62"/>
                  <line hits="0" number="64"/>
                  <line hits="3" number="69"/>
                  <line hits="3" number="70"/>
                  <line hits="1" number="72"/>
                  <line hits="1" number="74"/>
                  <line hits="1" number="76"/>
                  <line hits="1" number="77"/>
                  <line hits="1" number="78"/>
                  <line hits="2" number="79"/>
                  <line hits="2" number="80"/>
                  <line hits="2" number="82"/>
                  <line hits="1" number="83"/>
                  <line hits="1" number="84"/>
                  <line hits="1" number="86"/>
                  <line hits="1" number="88"/>
                  <line hits="1" number="90"/>
                  <line hits="1" number="91"/>
                  <line hits="1" number="92"/>
                  <line hits="1" number="93"/>
                  <line hits="0" number="94"/>
                  <line hits="0" number="95"/>
                  <line hits="0" number="96"/>
                  <line hits="0" number="99"/>
                  <line hits="1" number="101"/>
                  <line hits="1" number="102"/>
                  <line hits="1" number="103"/>
                  <line hits="3" number="106"/>
                  <line hits="3" number="107"/>
               </lines>
            </class>
         </classes>
      </package>
   </packages>
</coverage>